This is pdfTeX, Version 3.14159-1.10b (Web2C 7.4.5) (format=pdftex 2005.8.8)  24 SEP 2005 21:19
**num.tex
(./num.tex{/usr/share/texmf/pdftex/config/pdftex.cfg}
! Undefined control sequence.
l.1 \documentclass
                  [a4paper,12pt]{article}
? q
OK, entering \batchmode...
! Undefined control sequence.
l.2 \begin
          {document}
The control sequence at the end of the top line
of your error message was never \def'ed. If you have
misspelled it (e.g., `\hobx'), type `I' and the correct
spelling (e.g., `I\hbox'). Otherwise just continue,
and I'll forget about whatever was undefined.

! Undefined control sequence.
l.4 The foundations of the rigorous study of \emph
                                                  {analysis}
The control sequence at the end of the top line
of your error message was never \def'ed. If you have
misspelled it (e.g., `\hobx'), type `I' and the correct
spelling (e.g., `I\hbox'). Otherwise just continue,
and I'll forget about whatever was undefined.

! Undefined control sequence.
l.8 \emph
         {limits} and \emph{continuity}.
The control sequence at the end of the top line
of your error message was never \def'ed. If you have
misspelled it (e.g., `\hobx'), type `I' and the correct
spelling (e.g., `I\hbox'). Otherwise just continue,
and I'll forget about whatever was undefined.

! Undefined control sequence.
l.8 \emph{limits} and \emph
                           {continuity}.
The control sequence at the end of the top line
of your error message was never \def'ed. If you have
misspelled it (e.g., `\hobx'), type `I' and the correct
spelling (e.g., `I\hbox'). Otherwise just continue,
and I'll forget about whatever was undefined.

! Undefined control sequence.
l.11 $f \colon D \to \mathbf
                            {R}$ be a real-valued function on
The control sequence at the end of the top line
of your error message was never \def'ed. If you have
misspelled it (e.g., `\hobx'), type `I' and the correct
spelling (e.g., `I\hbox'). Otherwise just continue,
and I'll forget about whatever was undefined.

! Undefined control sequence.
l.12 $D$. The function $f$ is said to be \emph
                                              {continuous} on
The control sequence at the end of the top line
of your error message was never \def'ed. If you have
misspelled it (e.g., `\hobx'), type `I' and the correct
spelling (e.g., `I\hbox'). Otherwise just continue,
and I'll forget about whatever was undefined.

! Undefined control sequence.
l.16 \[
        |y - x| < \delta \]
The control sequence at the end of the top line
of your error message was never \def'ed. If you have
misspelled it (e.g., `\hobx'), type `I' and the correct
spelling (e.g., `I\hbox'). Otherwise just continue,
and I'll forget about whatever was undefined.

! Missing $ inserted.
<inserted text> 
                $
<to be read again> 
                   \delta 
l.16 \[ |y - x| < \delta
                         \]
I've inserted a begin-math/end-math symbol since I think
you left one out. Proceed, with fingers crossed.

! Undefined control sequence.
l.16 \[ |y - x| < \delta \]
                           
The control sequence at the end of the top line
of your error message was never \def'ed. If you have
misspelled it (e.g., `\hobx'), type `I' and the correct
spelling (e.g., `I\hbox'). Otherwise just continue,
and I'll forget about whatever was undefined.

! Undefined control sequence.
l.18 \[
        |f(y) - f(x)| < \epsilon. \]
The control sequence at the end of the top line
of your error message was never \def'ed. If you have
misspelled it (e.g., `\hobx'), type `I' and the correct
spelling (e.g., `I\hbox'). Otherwise just continue,
and I'll forget about whatever was undefined.

! Undefined control sequence.
l.18 \[ |f(y) - f(x)| < \epsilon. \]
                                    
The control sequence at the end of the top line
of your error message was never \def'ed. If you have
misspelled it (e.g., `\hobx'), type `I' and the correct
spelling (e.g., `I\hbox'). Otherwise just continue,
and I'll forget about whatever was undefined.

! Missing $ inserted.
<inserted text> 
                $
<to be read again> 
                   \par 
l.19 
     
I've inserted a begin-math/end-math symbol since I think
you left one out. Proceed, with fingers crossed.

 [1{/var/lib/texmf/dvips/config/pdftex.map}] ){/usr/share/texmf/dvips/tetex/bba
d153f.enc}</usr/share/texmf/fonts/type1/bluesky/cm/cmsy10.pfb>{/usr/share/texmf
/dvips/tetex/f7b6d320.enc}</usr/share/texmf/fonts/type1/bluesky/cm/cmbx10.pfb>{
/usr/share/texmf/dvips/tetex/aae443f0.enc}</usr/share/texmf/fonts/type1/bluesky
/cm/cmmi10.pfb></usr/share/texmf/fonts/type1/bluesky/cm/cmr10.pfb>
Output written on num.pdf (1 page, 26541 bytes).
