This is pdfeTeXk, Version 3.14159-1.10b-2.1 (Web2C 7.4.5) (format=pdflatex 2005.8.8)  12 OCT 2005 19:56
entering extended mode
 file:line:error style messages enabled.
**/home/guilherme/iterador/apresentacoes/simposio-exemplo-vitoria.tex
(/home/guilherme/iterador/apresentacoes/simposio-exemplo-vitoria.tex{/usr/share
/texmf/pdftex/config/pdftex.cfg}
LaTeX2e <2001/06/01>
Babel <v3.7h> and hyphenation patterns for american, french, german, ngerman, b
ahasa, basque, catalan, croatian, czech, danish, dutch, finnish, greek, iceland
ic, irish, italian, latin, magyar, norsk, norsk, portuges, romanian, russian, s
lovak, slovene, spanish, swedish, turkish, ukrainian, nohyphenation, loaded.
(/usr/share/texmf/tex/latex/base/article.cls
Document Class: article 2001/04/21 v1.4e Standard LaTeX document class
(/usr/share/texmf/tex/latex/base/size12.clo
File: size12.clo 2001/04/21 v1.4e Standard LaTeX file (size option)
)
\c@part=\count79
\c@section=\count80
\c@subsection=\count81
\c@subsubsection=\count82
\c@paragraph=\count83
\c@subparagraph=\count84
\c@figure=\count85
\c@table=\count86
\abovecaptionskip=\skip41
\belowcaptionskip=\skip42
\bibindent=\dimen102
)
(/usr/share/texmf/tex/generic/babel/babel.sty
Package: babel 2001/03/01 v3.7h The Babel package

(/usr/share/texmf/tex/generic/babel/portuges.ldf
Language: portuges 2001/02/16 v1.2o Portuguese support from the babel system

(/usr/share/texmf/tex/generic/babel/babel.def
File: babel.def 2001/03/01 v3.7h Babel common definitions
\babel@savecnt=\count87
\U@D=\dimen103
)
\l@brazil = a dialect from \language\l@portuges 
Package babel Info: Making " an active character on input line 126.
))
(/usr/share/texmf/tex/latex/base/inputenc.sty
Package: inputenc 2001/07/10 v0.99a Input encoding file 

(/usr/share/texmf/tex/latex/base/latin1.def
File: latin1.def 2001/07/10 v0.99a Input encoding file 
))
(/usr/share/texmf/tex/latex/amsfonts/amsfonts.sty
Package: amsfonts 2001/10/25 v2.2f
\@emptytoks=\toks14
\symAMSa=\mathgroup4
\symAMSb=\mathgroup5
LaTeX Font Info:    Overwriting math alphabet `\mathfrak' in version `bold'
(Font)                  U/euf/m/n --> U/euf/b/n on input line 132.
)
(/usr/share/texmf/tex/latex/amsmath/amsmath.sty
Package: amsmath 2000/07/18 v2.13 AMS math features
\@mathmargin=\skip43

For additional information on amsmath, use the `?' option.
(/usr/share/texmf/tex/latex/amsmath/amstext.sty
Package: amstext 2000/06/29 v2.01

(/usr/share/texmf/tex/latex/amsmath/amsgen.sty
File: amsgen.sty 1999/11/30 v2.0
\@emptytoks=\toks15
\ex@=\dimen104
))
(/usr/share/texmf/tex/latex/amsmath/amsbsy.sty
Package: amsbsy 1999/11/29 v1.2d
\pmbraise@=\dimen105
)
(/usr/share/texmf/tex/latex/amsmath/amsopn.sty
Package: amsopn 1999/12/14 v2.01 operator names
)
\inf@bad=\count88
LaTeX Info: Redefining \frac on input line 211.
\uproot@=\count89
\leftroot@=\count90
LaTeX Info: Redefining \overline on input line 307.
\classnum@=\count91
\DOTSCASE@=\count92
LaTeX Info: Redefining \ldots on input line 379.
LaTeX Info: Redefining \dots on input line 382.
LaTeX Info: Redefining \cdots on input line 467.
\Mathstrutbox@=\box26
\strutbox@=\box27
\big@size=\dimen106
LaTeX Font Info:    Redeclaring font encoding OML on input line 567.
LaTeX Font Info:    Redeclaring font encoding OMS on input line 568.
\macc@depth=\count93
\c@MaxMatrixCols=\count94
\dotsspace@=\muskip10
\c@parentequation=\count95
\dspbrk@lvl=\count96
\tag@help=\toks16
\row@=\count97
\column@=\count98
\maxfields@=\count99
\andhelp@=\toks17
\eqnshift@=\dimen107
\alignsep@=\dimen108
\tagshift@=\dimen109
\tagwidth@=\dimen110
\totwidth@=\dimen111
\lineht@=\dimen112
\@envbody=\toks18
\multlinegap=\skip44
\multlinetaggap=\skip45
\mathdisplay@stack=\toks19
LaTeX Info: Redefining \[ on input line 2666.
LaTeX Info: Redefining \] on input line 2667.
)
(/usr/share/texmf/tex/latex/amsfonts/amssymb.sty
Package: amssymb 2002/01/22 v2.2d
)
(/usr/share/texmf/tex/latex/graphics/graphicx.sty
Package: graphicx 1999/02/16 v1.0f Enhanced LaTeX Graphics (DPC,SPQR)

(/usr/share/texmf/tex/latex/graphics/keyval.sty
Package: keyval 1999/03/16 v1.13 key=value parser (DPC)
\KV@toks@=\toks20
)
(/usr/share/texmf/tex/latex/graphics/graphics.sty
Package: graphics 2001/07/07 v1.0n Standard LaTeX Graphics (DPC,SPQR)

(/usr/share/texmf/tex/latex/graphics/trig.sty
Package: trig 1999/03/16 v1.09 sin cos tan (DPC)
)
(/usr/share/texmf/tex/latex/config/graphics.cfg
File: graphics.cfg 2001/08/31 v1.1 graphics configuration of teTeX/TeXLive
)
Package graphics Info: Driver file: pdftex.def on input line 80.

(/usr/share/texmf/tex/latex/graphics/pdftex.def
File: pdftex.def 2002/06/19 v0.03k graphics/color for pdftex
\Gread@gobject=\count100
))
\Gin@req@height=\dimen113
\Gin@req@width=\dimen114
)
(/usr/share/texmf/tex/latex/misc/psfrag.sty
Package: psfrag 1998/04/11 v3.04 PSfrag (MCG)
\pfg@pcount=\count101
\pfg@scount=\count102
\pfg@temp=\write3
) (./simposio-exemplo-vitoria.aux)
\openout1 = `simposio-exemplo-vitoria.aux'.

LaTeX Font Info:    Checking defaults for OML/cmm/m/it on input line 15.
LaTeX Font Info:    ... okay on input line 15.
LaTeX Font Info:    Checking defaults for T1/cmr/m/n on input line 15.
LaTeX Font Info:    ... okay on input line 15.
LaTeX Font Info:    Checking defaults for OT1/cmr/m/n on input line 15.
LaTeX Font Info:    ... okay on input line 15.
LaTeX Font Info:    Checking defaults for OMS/cmsy/m/n on input line 15.
LaTeX Font Info:    ... okay on input line 15.
LaTeX Font Info:    Checking defaults for OMX/cmex/m/n on input line 15.
LaTeX Font Info:    ... okay on input line 15.
LaTeX Font Info:    Checking defaults for U/cmr/m/n on input line 15.
LaTeX Font Info:    ... okay on input line 15.

(/usr/share/texmf/tex/context/base/supp-pdf.tex
(/usr/share/texmf/tex/context/base/supp-mis.tex
loading : Context Support Macros / Missing
\protectiondepth=\count103
\scratchcounter=\count104
\scratchtoks=\toks21
\scratchdimen=\dimen115
\scratchskip=\skip46
\scratchmuskip=\muskip11
\scratchbox=\box28
\scratchread=\read1
\scratchwrite=\write4
\zeropoint=\dimen116
\minusone=\count105
\thousandpoint=\dimen117
\emptytoks=\toks22
\nextbox=\box29
\nextdepth=\dimen118
\everyline=\toks23
\!!counta=\count106
\!!countb=\count107
\recursecounter=\count108
)
loading : Context Support Macros / PDF
\nofMPsegments=\count109
\nofMParguments=\count110
\everyMPtoPDFconversion=\toks24
)
\c@teo=\count111
\c@teor=\count112
\c@Teo=\count113
\c@defin=\count114
\c@prop=\count115
\c@lem=\count116
\c@obs=\count117
\c@Obs=\count118
\c@cor=\count119
\c@Cor=\count120
LaTeX Font Info:    Try loading font information for U+msa on input line 54.
 (/usr/share/texmf/tex/latex/amsfonts/umsa.fd
File: umsa.fd 2002/01/19 v2.2g AMS font definitions
)
LaTeX Font Info:    Try loading font information for U+msb on input line 54.

(/usr/share/texmf/tex/latex/amsfonts/umsb.fd
File: umsb.fd 2002/01/19 v2.2g AMS font definitions
) [1
Non-PDF special ignored!

{/var/lib/texmf/dvips/config/pdftex.map}] [2]
LaTeX Font Info:    Try loading font information for OML+cmr on input line 148.


(/usr/share/texmf/tex/latex/base/omlcmr.fd
File: omlcmr.fd 1999/05/25 v2.5h Standard LaTeX font definitions
)
LaTeX Font Info:    Font shape `OML/cmr/bx/n' in size <12> not available
(Font)              Font shape `OML/cmm/b/it' tried instead on input line 148.

<ime-img1.png, id=29, 321.2pt x 249.93375pt>
File: ime-img1.png Graphic file (type png)
 <use ime-img1.png> [3 <./ime-img1.png>]
LaTeX Font Info:    Font shape `OML/cmr/m/n' in size <12> not available
(Font)              Font shape `OML/cmm/m/it' tried instead on input line 196.
 <ime-img3.png, id=39, 788.9475pt x 231.86626pt>
File: ime-img3.png Graphic file (type png)
 <use ime-img3.png>
[4] <ime-img2.png, id=49, 964.60374pt x 712.6625pt>
File: ime-img2.png Graphic file (type png)
 <use ime-img2.png> [5 <./ime-img3.png>] [6 <./ime-img2.png>]
<ime-img6.png, id=56, 383.4325pt x 327.2225pt>
File: ime-img6.png Graphic file (type png)
 <use ime-img6.png>
<ime-img5.png, id=57, 661.47125pt x 661.47125pt>
File: ime-img5.png Graphic file (type png)
 <use ime-img5.png>
<ime-img4.png, id=58, 539.01375pt x 539.01375pt>
File: ime-img4.png Graphic file (type png)
 <use ime-img4.png> [7 <./ime-img6.png> <./ime-img5.png>] <ime-img7.png, id=69,
 803.0pt x 803.0pt>
File: ime-img7.png Graphic file (type png)

<use ime-img7.png>
LaTeX Font Info:    Try loading font information for OMS+cmr on input line 335.

 (/usr/share/texmf/tex/latex/base/omscmr.fd
File: omscmr.fd 1999/05/25 v2.5h Standard LaTeX font definitions
)
LaTeX Font Info:    Font shape `OMS/cmr/m/n' in size <12> not available
(Font)              Font shape `OMS/cmsy/m/n' tried instead on input line 335.

/home/guilherme/iterador/apresentacoes/simposio-exemplo-vitoria.tex:336: Mispla
ced alignment tab character &
I can't figure out why you would want to use a tab mark
here. If you just want an ampersand, the remedy is
simple: Just type `I\&' now. But if some right brace
up above has ended a previous alignment prematurely,
you're probably due for more error messages, and you
might try typing `S' now just to see what is salvageable.

/home/guilherme/iterador/apresentacoes/simposio-exemplo-vitoria.tex:336: Mispla
ced alignment tab character &
I can't figure out why you would want to use a tab mark
here. If you just want an ampersand, the remedy is
simple: Just type `I\&' now. But if some right brace
up above has ended a previous alignment prematurely,
you're probably due for more error messages, and you
might try typing `S' now just to see what is salvageable.


Overfull \hbox (63.22916pt too wide) in paragraph at lines 336--336
[]/cmr12/return "if(x1==Double.POSITIVE[]INFINITY  x2==Double.POSITIVE[]INFINIT
Y)
 []

[8 <./ime-img4.png>] [9 <./ime-img7.png>] [10] [11]
(./simposio-exemplo-vitoria.aux) ) 
Here is how much of TeX's memory you used:
 2371 strings out of 94960
 27401 string characters out of 1182471
 79243 words of memory out of 1000001
 5457 multiletter control sequences out of 10000+50000
 13826 words of font info for 52 fonts, out of 500000 for 1000
 198 hyphenation exceptions out of 1000
 27i,8n,24p,688b,261s stack positions out of 1500i,500n,5000p,200000b,5000s
 84 PDF objects out of 300000
 0 named destinations out of 131072
 35 words of extra memory for PDF output out of 65536
{/usr/share/texmf/dvips/tetex/0ef0afca.enc}</
usr/share/texmf/fonts/type1/bluesky/cm/cmcsc10.pfb>{/usr/share/texmf/dvips/tete
x/bbad153f.enc}</usr/share/texmf/fonts/type1/bluesky/cm/cmsy10.pfb></usr/share/
texmf/fonts/type1/bluesky/cm/cmex10.pfb>{/usr/share/texmf/dvips/tetex/aae443f0.
enc}</usr/share/texmf/fonts/type1/bluesky/cm/cmmi8.pfb>{/usr/share/texmf/dvips/
tetex/74afc74c.enc}</usr/share/texmf/fonts/type1/bluesky/cm/cmti12.pfb></usr/sh
are/texmf/fonts/type1/bluesky/cm/cmmib10.pfb></usr/share/texmf/fonts/type1/blue
sky/cm/cmmi12.pfb>{/usr/share/texmf/dvips/tetex/f7b6d320.enc}</usr/share/texmf/
fonts/type1/bluesky/cm/cmr7.pfb></usr/share/texmf/fonts/type1/bluesky/cm/cmr10.
pfb></usr/share/texmf/fonts/type1/bluesky/cm/cmbx10.pfb></usr/share/texmf/fonts
/type1/bluesky/cm/cmr8.pfb></usr/share/texmf/fonts/type1/bluesky/cm/cmr12.pfb><
/usr/share/texmf/fonts/type1/bluesky/cm/cmbx12.pfb></usr/share/texmf/fonts/type
1/bluesky/cm/cmr17.pfb>
Output written on simposio-exemplo-vitoria.pdf (11 pages, 315564 bytes).
