This is pdfeTeXk, Version 3.14159-1.10b-2.1 (Web2C 7.4.5) (format=pdflatex 2005.8.8)  12 OCT 2005 19:33
entering extended mode
 file:line:error style messages enabled.
**/home/guilherme/iterador/apresentacoes/TrabalhoParteI.tex
(/home/guilherme/iterador/apresentacoes/TrabalhoParteI.tex{/usr/share/texmf/pdf
tex/config/pdftex.cfg}
LaTeX2e <2001/06/01>
Babel <v3.7h> and hyphenation patterns for american, french, german, ngerman, b
ahasa, basque, catalan, croatian, czech, danish, dutch, finnish, greek, iceland
ic, irish, italian, latin, magyar, norsk, norsk, portuges, romanian, russian, s
lovak, slovene, spanish, swedish, turkish, ukrainian, nohyphenation, loaded.
(/usr/share/texmf/tex/latex/base/article.cls
Document Class: article 2001/04/21 v1.4e Standard LaTeX document class
(/usr/share/texmf/tex/latex/base/size12.clo
File: size12.clo 2001/04/21 v1.4e Standard LaTeX file (size option)
)
\c@part=\count79
\c@section=\count80
\c@subsection=\count81
\c@subsubsection=\count82
\c@paragraph=\count83
\c@subparagraph=\count84
\c@figure=\count85
\c@table=\count86
\abovecaptionskip=\skip41
\belowcaptionskip=\skip42
\bibindent=\dimen102
)
(/usr/share/texmf/tex/latex/graphics/graphicx.sty
Package: graphicx 1999/02/16 v1.0f Enhanced LaTeX Graphics (DPC,SPQR)

(/usr/share/texmf/tex/latex/graphics/keyval.sty
Package: keyval 1999/03/16 v1.13 key=value parser (DPC)
\KV@toks@=\toks14
)
(/usr/share/texmf/tex/latex/graphics/graphics.sty
Package: graphics 2001/07/07 v1.0n Standard LaTeX Graphics (DPC,SPQR)

(/usr/share/texmf/tex/latex/graphics/trig.sty
Package: trig 1999/03/16 v1.09 sin cos tan (DPC)
)
(/usr/share/texmf/tex/latex/config/graphics.cfg
File: graphics.cfg 2001/08/31 v1.1 graphics configuration of teTeX/TeXLive
)
Package graphics Info: Driver file: pdftex.def on input line 80.

(/usr/share/texmf/tex/latex/graphics/pdftex.def
File: pdftex.def 2002/06/19 v0.03k graphics/color for pdftex
\Gread@gobject=\count87
))
\Gin@req@height=\dimen103
\Gin@req@width=\dimen104
)
(/usr/share/texmf/tex/latex/amsfonts/amssymb.sty
Package: amssymb 2002/01/22 v2.2d

(/usr/share/texmf/tex/latex/amsfonts/amsfonts.sty
Package: amsfonts 2001/10/25 v2.2f
\@emptytoks=\toks15
\symAMSa=\mathgroup4
\symAMSb=\mathgroup5
LaTeX Font Info:    Overwriting math alphabet `\mathfrak' in version `bold'
(Font)                  U/euf/m/n --> U/euf/b/n on input line 132.
))
(/usr/share/texmf/tex/latex/amsmath/amsmath.sty
Package: amsmath 2000/07/18 v2.13 AMS math features
\@mathmargin=\skip43

For additional information on amsmath, use the `?' option.
(/usr/share/texmf/tex/latex/amsmath/amstext.sty
Package: amstext 2000/06/29 v2.01

(/usr/share/texmf/tex/latex/amsmath/amsgen.sty
File: amsgen.sty 1999/11/30 v2.0
\@emptytoks=\toks16
\ex@=\dimen105
))
(/usr/share/texmf/tex/latex/amsmath/amsbsy.sty
Package: amsbsy 1999/11/29 v1.2d
\pmbraise@=\dimen106
)
(/usr/share/texmf/tex/latex/amsmath/amsopn.sty
Package: amsopn 1999/12/14 v2.01 operator names
)
\inf@bad=\count88
LaTeX Info: Redefining \frac on input line 211.
\uproot@=\count89
\leftroot@=\count90
LaTeX Info: Redefining \overline on input line 307.
\classnum@=\count91
\DOTSCASE@=\count92
LaTeX Info: Redefining \ldots on input line 379.
LaTeX Info: Redefining \dots on input line 382.
LaTeX Info: Redefining \cdots on input line 467.
\Mathstrutbox@=\box26
\strutbox@=\box27
\big@size=\dimen107
LaTeX Font Info:    Redeclaring font encoding OML on input line 567.
LaTeX Font Info:    Redeclaring font encoding OMS on input line 568.
\macc@depth=\count93
\c@MaxMatrixCols=\count94
\dotsspace@=\muskip10
\c@parentequation=\count95
\dspbrk@lvl=\count96
\tag@help=\toks17
\row@=\count97
\column@=\count98
\maxfields@=\count99
\andhelp@=\toks18
\eqnshift@=\dimen108
\alignsep@=\dimen109
\tagshift@=\dimen110
\tagwidth@=\dimen111
\totwidth@=\dimen112
\lineht@=\dimen113
\@envbody=\toks19
\multlinegap=\skip44
\multlinetaggap=\skip45
\mathdisplay@stack=\toks20
LaTeX Info: Redefining \[ on input line 2666.
LaTeX Info: Redefining \] on input line 2667.
)
(/usr/share/texmf/tex/latex/amscls/amsthm.sty
Package: amsthm 2000/10/26 v2.08
\thm@style=\toks21
\thm@bodyfont=\toks22
\thm@headfont=\toks23
\thm@notefont=\toks24
\thm@headpunct=\toks25
\thm@preskip=\skip46
\thm@postskip=\skip47
\thm@headsep=\skip48
\dth@everypar=\toks26
)
(/usr/share/texmf/tex/generic/babel/babel.sty
Package: babel 2001/03/01 v3.7h The Babel package

(/usr/share/texmf/tex/generic/babel/portuges.ldf
Language: portuges 2001/02/16 v1.2o Portuguese support from the babel system

(/usr/share/texmf/tex/generic/babel/babel.def
File: babel.def 2001/03/01 v3.7h Babel common definitions
\babel@savecnt=\count100
\U@D=\dimen114
)
\l@brazil = a dialect from \language\l@portuges 
Package babel Info: Making " an active character on input line 126.
))
(/usr/share/texmf/tex/latex/base/inputenc.sty
Package: inputenc 2001/07/10 v0.99a Input encoding file 

(/usr/share/texmf/tex/latex/base/latin1.def
File: latin1.def 2001/07/10 v0.99a Input encoding file 
)) (./TrabalhoParteI.aux)
\openout1 = `TrabalhoParteI.aux'.

LaTeX Font Info:    Checking defaults for OML/cmm/m/it on input line 13.
LaTeX Font Info:    ... okay on input line 13.
LaTeX Font Info:    Checking defaults for T1/cmr/m/n on input line 13.
LaTeX Font Info:    ... okay on input line 13.
LaTeX Font Info:    Checking defaults for OT1/cmr/m/n on input line 13.
LaTeX Font Info:    ... okay on input line 13.
LaTeX Font Info:    Checking defaults for OMS/cmsy/m/n on input line 13.
LaTeX Font Info:    ... okay on input line 13.
LaTeX Font Info:    Checking defaults for OMX/cmex/m/n on input line 13.
LaTeX Font Info:    ... okay on input line 13.
LaTeX Font Info:    Checking defaults for U/cmr/m/n on input line 13.
LaTeX Font Info:    ... okay on input line 13.

(/usr/share/texmf/tex/context/base/supp-pdf.tex
(/usr/share/texmf/tex/context/base/supp-mis.tex
loading : Context Support Macros / Missing
\protectiondepth=\count101
\scratchcounter=\count102
\scratchtoks=\toks27
\scratchdimen=\dimen115
\scratchskip=\skip49
\scratchmuskip=\muskip11
\scratchbox=\box28
\scratchread=\read1
\scratchwrite=\write3
\zeropoint=\dimen116
\minusone=\count103
\thousandpoint=\dimen117
\emptytoks=\toks28
\nextbox=\box29
\nextdepth=\dimen118
\everyline=\toks29
\!!counta=\count104
\!!countb=\count105
\recursecounter=\count106
)
loading : Context Support Macros / PDF
\nofMPsegments=\count107
\nofMParguments=\count108
\everyMPtoPDFconversion=\toks30
)
LaTeX Font Info:    Try loading font information for U+msa on input line 51.
 (/usr/share/texmf/tex/latex/amsfonts/umsa.fd
File: umsa.fd 2002/01/19 v2.2g AMS font definitions
)
LaTeX Font Info:    Try loading font information for U+msb on input line 51.

(/usr/share/texmf/tex/latex/amsfonts/umsb.fd
File: umsb.fd 2002/01/19 v2.2g AMS font definitions
) [1

{/var/lib/texmf/dvips/config/pdftex.map}]
Overfull \hbox (1.78899pt too wide) in paragraph at lines 81--86
/cmr12/*``Intermediate ex-pres-si-ons'': s~ao ex-press~oes in-ter-medi^^Sarias,
 quando a f^^Sormula
 []

[2] [3] [4] [5]

/home/guilherme/iterador/apresentacoes/TrabalhoParteI.tex:347: LaTeX Error: Bad
 math environment delimiter.

See the LaTeX manual or LaTeX Companion for explanation.
Type  H <return>  for immediate help
Your command was ignored.
Type  I <command> <return>  to replace it with another command,
or  <return>  to continue without it.


/home/guilherme/iterador/apresentacoes/TrabalhoParteI.tex:352: LaTeX Error: Bad
 math environment delimiter.

See the LaTeX manual or LaTeX Companion for explanation.
Type  H <return>  for immediate help
Your command was ignored.
Type  I <command> <return>  to replace it with another command,
or  <return>  to continue without it.


/home/guilherme/iterador/apresentacoes/TrabalhoParteI.tex:353: LaTeX Error: Bad
 math environment delimiter.

See the LaTeX manual or LaTeX Companion for explanation.
Type  H <return>  for immediate help
Your command was ignored.
Type  I <command> <return>  to replace it with another command,
or  <return>  to continue without it.


/home/guilherme/iterador/apresentacoes/TrabalhoParteI.tex:358: LaTeX Error: Bad
 math environment delimiter.

See the LaTeX manual or LaTeX Companion for explanation.
Type  H <return>  for immediate help
Your command was ignored.
Type  I <command> <return>  to replace it with another command,
or  <return>  to continue without it.


/home/guilherme/iterador/apresentacoes/TrabalhoParteI.tex:362: LaTeX Error: Bad
 math environment delimiter.

See the LaTeX manual or LaTeX Companion for explanation.
Type  H <return>  for immediate help
Your command was ignored.
Type  I <command> <return>  to replace it with another command,
or  <return>  to continue without it.


/home/guilherme/iterador/apresentacoes/TrabalhoParteI.tex:367: LaTeX Error: Bad
 math environment delimiter.

See the LaTeX manual or LaTeX Companion for explanation.
Type  H <return>  for immediate help
Your command was ignored.
Type  I <command> <return>  to replace it with another command,
or  <return>  to continue without it.


/home/guilherme/iterador/apresentacoes/TrabalhoParteI.tex:368: LaTeX Error: Bad
 math environment delimiter.

See the LaTeX manual or LaTeX Companion for explanation.
Type  H <return>  for immediate help
Your command was ignored.
Type  I <command> <return>  to replace it with another command,
or  <return>  to continue without it.


/home/guilherme/iterador/apresentacoes/TrabalhoParteI.tex:373: LaTeX Error: Bad
 math environment delimiter.

See the LaTeX manual or LaTeX Companion for explanation.
Type  H <return>  for immediate help
Your command was ignored.
Type  I <command> <return>  to replace it with another command,
or  <return>  to continue without it.


/home/guilherme/iterador/apresentacoes/TrabalhoParteI.tex:377: LaTeX Error: Bad
 math environment delimiter.

See the LaTeX manual or LaTeX Companion for explanation.
Type  H <return>  for immediate help
Your command was ignored.
Type  I <command> <return>  to replace it with another command,
or  <return>  to continue without it.


/home/guilherme/iterador/apresentacoes/TrabalhoParteI.tex:382: LaTeX Error: Bad
 math environment delimiter.

See the LaTeX manual or LaTeX Companion for explanation.
Type  H <return>  for immediate help
Your command was ignored.
Type  I <command> <return>  to replace it with another command,
or  <return>  to continue without it.


/home/guilherme/iterador/apresentacoes/TrabalhoParteI.tex:387: LaTeX Error: Bad
 math environment delimiter.

See the LaTeX manual or LaTeX Companion for explanation.
Type  H <return>  for immediate help
Your command was ignored.
Type  I <command> <return>  to replace it with another command,
or  <return>  to continue without it.


/home/guilherme/iterador/apresentacoes/TrabalhoParteI.tex:391: LaTeX Error: Bad
 math environment delimiter.

See the LaTeX manual or LaTeX Companion for explanation.
Type  H <return>  for immediate help
Your command was ignored.
Type  I <command> <return>  to replace it with another command,
or  <return>  to continue without it.


/home/guilherme/iterador/apresentacoes/TrabalhoParteI.tex:396: LaTeX Error: Bad
 math environment delimiter.

See the LaTeX manual or LaTeX Companion for explanation.
Type  H <return>  for immediate help
Your command was ignored.
Type  I <command> <return>  to replace it with another command,
or  <return>  to continue without it.


/home/guilherme/iterador/apresentacoes/TrabalhoParteI.tex:401: LaTeX Error: Bad
 math environment delimiter.

See the LaTeX manual or LaTeX Companion for explanation.
Type  H <return>  for immediate help
Your command was ignored.
Type  I <command> <return>  to replace it with another command,
or  <return>  to continue without it.

[6] (./TrabalhoParteI.aux) ) 
Here is how much of TeX's memory you used:
 2184 strings out of 94960
 25228 string characters out of 1182471
 78914 words of memory out of 1000001
 5293 multiletter control sequences out of 10000+50000
 9545 words of font info for 36 fonts, out of 500000 for 1000
 198 hyphenation exceptions out of 1000
 27i,7n,24p,275b,117s stack positions out of 1500i,500n,5000p,200000b,5000s
 49 PDF objects out of 300000
 0 named destinations out of 131072
 0 words of extra memory for PDF output out of 65536
</usr/share/texmf/fonts/type1/bluesky/cm/cmex10.pfb
>{/usr/share/texmf/dvips/tetex/aae443f0.enc}</usr/share/texmf/fonts/type1/blues
ky/cm/cmmi8.pfb></usr/share/texmf/fonts/type1/bluesky/symbols/msbm10.pfb>{/usr/
share/texmf/dvips/tetex/f7b6d320.enc}</usr/share/texmf/fonts/type1/bluesky/cm/c
mr8.pfb>{/usr/share/texmf/dvips/tetex/bbad153f.enc}</usr/share/texmf/fonts/type
1/bluesky/cm/cmsy10.pfb></usr/share/texmf/fonts/type1/bluesky/cm/cmmi12.pfb></u
sr/share/texmf/fonts/type1/bluesky/cm/cmbx12.pfb>{/usr/share/texmf/dvips/tetex/
74afc74c.enc}</usr/share/texmf/fonts/type1/bluesky/cm/cmti12.pfb></usr/share/te
xmf/fonts/type1/bluesky/cm/cmr12.pfb></usr/share/texmf/fonts/type1/bluesky/cm/c
mr17.pfb>
Output written on TrabalhoParteI.pdf (6 pages, 74469 bytes).
